\BOOKMARK [1][-]{section.1}{Introduction}{}% 1
\BOOKMARK [1][-]{section.2}{Course Flow}{}% 2
\BOOKMARK [2][-]{subsection.2.1}{Course Beginning}{section.2}% 3
\BOOKMARK [2][-]{subsection.2.2}{Course Middle}{section.2}% 4
\BOOKMARK [2][-]{subsection.2.3}{Course End}{section.2}% 5
\BOOKMARK [1][-]{section.3}{Duties}{}% 6
\BOOKMARK [2][-]{subsection.3.1}{TA/TI Training}{section.3}% 7
\BOOKMARK [2][-]{subsection.3.2}{Workshop Schedule}{section.3}% 8
\BOOKMARK [2][-]{subsection.3.3}{Blackboard}{section.3}% 9
\BOOKMARK [3][-]{subsubsection.3.3.1}{Adding Materials to Blackboard}{subsection.3.3}% 10
\BOOKMARK [3][-]{subsubsection.3.3.2}{Adding Students to Blackboard Course Page}{subsection.3.3}% 11
\BOOKMARK [3][-]{subsubsection.3.3.3}{E-mails}{subsection.3.3}% 12
\BOOKMARK [3][-]{subsubsection.3.3.4}{Grade Center}{subsection.3.3}% 13
\BOOKMARK [4][-]{paragraph.3.3.4.1}{Grade Center Set Up}{subsubsection.3.3.4}% 14
\BOOKMARK [4][-]{paragraph.3.3.4.2}{Grade Center Download}{subsubsection.3.3.4}% 15
\BOOKMARK [4][-]{paragraph.3.3.4.3}{Tracking Changes}{subsubsection.3.3.4}% 16
\BOOKMARK [2][-]{subsection.3.4}{Quiz Schedule}{section.3}% 17
\BOOKMARK [2][-]{subsection.3.5}{Observing Course Progress \(progressplot.py\)}{section.3}% 18
\BOOKMARK [2][-]{subsection.3.6}{Checking Pass Rates}{section.3}% 19
\BOOKMARK [3][-]{subsubsection.3.6.1}{For Students \(passrate.py\)}{subsection.3.6}% 20
\BOOKMARK [3][-]{subsubsection.3.6.2}{For TA/Is}{subsection.3.6}% 21
\BOOKMARK [1][-]{section.4}{Resources}{}% 22
\BOOKMARK [2][-]{subsection.4.1}{git Repository}{section.4}% 23
\BOOKMARK [3][-]{subsubsection.4.1.1}{Directions for Download}{subsection.4.1}% 24
\BOOKMARK [3][-]{subsubsection.4.1.2}{Contributing to the Repo}{subsection.4.1}% 25
\BOOKMARK [3][-]{subsubsection.4.1.3}{README.md}{subsection.4.1}% 26
\BOOKMARK [2][-]{subsection.4.2}{People \046 Quick Links}{section.4}% 27
